\BOOKMARK [1][-]{section.1}{Chapter 12}{}% 1
\BOOKMARK [2][-]{subsection.1.1}{Component form of a vector}{section.1}% 2
\BOOKMARK [2][-]{subsection.1.2}{Vector projection}{section.1}% 3
\BOOKMARK [2][-]{subsection.1.3}{Area of a Parallelogram/Triangle}{section.1}% 4
\BOOKMARK [2][-]{subsection.1.4}{Distance from point to line}{section.1}% 5
\BOOKMARK [2][-]{subsection.1.5}{Angle between 2 vectors}{section.1}% 6
\BOOKMARK [2][-]{subsection.1.6}{Angle between 2 planes}{section.1}% 7
\BOOKMARK [2][-]{subsection.1.7}{Work}{section.1}% 8
\BOOKMARK [1][-]{section.2}{Section 13.2}{}% 9
\BOOKMARK [2][-]{subsection.2.1}{Ideal Projectile Motion}{section.2}% 10
\BOOKMARK [3][-]{subsubsection.2.1.1}{Range of a Projectile}{subsection.2.1}% 11
\BOOKMARK [3][-]{subsubsection.2.1.2}{Maximum Height of a Projectile}{subsection.2.1}% 12
\BOOKMARK [1][-]{section.3}{Section 13.3}{}% 13
\BOOKMARK [2][-]{subsection.3.1}{Finding Tangent Vector to a Path}{section.3}% 14
\BOOKMARK [2][-]{subsection.3.2}{Length of Path}{section.3}% 15
\BOOKMARK [1][-]{section.4}{Section 13.4}{}% 16
\BOOKMARK [2][-]{subsection.4.1}{Curvature}{section.4}% 17
\BOOKMARK [2][-]{subsection.4.2}{Formula for Calculating Curvature}{section.4}% 18
\BOOKMARK [2][-]{subsection.4.3}{Principal Unit Normal}{section.4}% 19
\BOOKMARK [2][-]{subsection.4.4}{Formula for Calculating N}{section.4}% 20
\BOOKMARK [1][-]{section.5}{Section 13.5}{}% 21
\BOOKMARK [2][-]{subsection.5.1}{Binormal Vector}{section.5}% 22
\BOOKMARK [2][-]{subsection.5.2}{Acceleration Vector}{section.5}% 23
\BOOKMARK [2][-]{subsection.5.3}{Torsion}{section.5}% 24
\BOOKMARK [2][-]{subsection.5.4}{Calculating Torsion}{section.5}% 25
\BOOKMARK [1][-]{section.6}{Section 13.6}{}% 26
\BOOKMARK [2][-]{subsection.6.1}{Motion in Polar and Cylindrical Coordinates}{section.6}% 27
\BOOKMARK [2][-]{subsection.6.2}{Polar Velocity Vector}{section.6}% 28
\BOOKMARK [2][-]{subsection.6.3}{Polar Acceleration Vector}{section.6}% 29
\BOOKMARK [2][-]{subsection.6.4}{Planet Movement}{section.6}% 30
\BOOKMARK [2][-]{subsection.6.5}{Kepler's First Law}{section.6}% 31
\BOOKMARK [2][-]{subsection.6.6}{Kepler's Third Law}{section.6}% 32
\BOOKMARK [1][-]{section.7}{Section 14.6}{}% 33
\BOOKMARK [2][-]{subsection.7.1}{Standard Linear Approximation}{section.7}% 34
\BOOKMARK [2][-]{subsection.7.2}{The Error in the Standard Linear Approximation}{section.7}% 35
\BOOKMARK [2][-]{subsection.7.3}{Tangent Plane}{section.7}% 36
\BOOKMARK [2][-]{subsection.7.4}{Normal Line}{section.7}% 37
\BOOKMARK [1][-]{section.8}{Section 14.7}{}% 38
\BOOKMARK [2][-]{subsection.8.1}{Definitions of local maximums and minimums}{section.8}% 39
\BOOKMARK [2][-]{subsection.8.2}{First Derivative Test for Local Extreme Values}{section.8}% 40
\BOOKMARK [2][-]{subsection.8.3}{Second Derivative Test for Local Extreme Values}{section.8}% 41
\BOOKMARK [2][-]{subsection.8.4}{Finding Absolute Maxima and Minima on Closed Bounded Regions}{section.8}% 42
\BOOKMARK [1][-]{section.9}{Section 14.8}{}% 43
\BOOKMARK [2][-]{subsection.9.1}{Lagrange Multipliers}{section.9}% 44
\BOOKMARK [1][-]{section.10}{Section 14.9}{}% 45
\BOOKMARK [2][-]{subsection.10.1}{Local Linearization}{section.10}% 46
\BOOKMARK [2][-]{subsection.10.2}{Quadratic Approximation}{section.10}% 47
\BOOKMARK [3][-]{subsubsection.10.2.1}{Hessian Matrix}{subsection.10.2}% 48
\BOOKMARK [3][-]{subsubsection.10.2.2}{Representing Quadratic Forms with vectors}{subsection.10.2}% 49
\BOOKMARK [3][-]{subsubsection.10.2.3}{Vector form of Quadratic Approximation}{subsection.10.2}% 50
\BOOKMARK [1][-]{section.11}{Chapter 15 Double Integral}{}% 51
\BOOKMARK [2][-]{subsection.11.1}{Definition of the Double Integral}{section.11}% 52
\BOOKMARK [2][-]{subsection.11.2}{Calculating the Double Integral}{section.11}% 53
\BOOKMARK [2][-]{subsection.11.3}{Double Integral in Polar Coordinate}{section.11}% 54
\BOOKMARK [2][-]{subsection.11.4}{Applications of Double Integrals}{section.11}% 55
